<?xml version="1.0" encoding="UTF-8"?>
<!-- Generated by org.testng.reporters.JUnitReportReporter -->
<testsuite hostname="DESKTOP-94A4818" failures="0" tests="1" name="com.api.tests.LoginTest" time="1.665" errors="0" timestamp="2025-01-26T02:08:45 IST" skipped="0">
  <testcase classname="com.api.tests.LoginTest" name="loginTest" time="1.665"/>
  <system-out/>
</testsuite> <!-- com.api.tests.LoginTest -->
