<?xml version="1.0" encoding="UTF-8"?>
<!-- Generated by org.testng.reporters.JUnitReportReporter -->
<testsuite hostname="DESKTOP-94A4818" failures="0" tests="1" name="com.api.tests.GetProfileTest" time="2.090" errors="0" timestamp="2025-01-29T10:58:31 IST" skipped="0">
  <testcase classname="com.api.tests.GetProfileTest" name="getProfileTest" time="2.090"/>
  <system-out/>
</testsuite> <!-- com.api.tests.GetProfileTest -->
