<?xml version="1.0" encoding="UTF-8"?>
<!-- Generated by org.testng.reporters.JUnitReportReporter -->
<testsuite hostname="DESKTOP-94A4818" failures="0" tests="1" name="com.api.tests.SignUp" time="2.291" errors="0" timestamp="2025-01-28T17:23:56 IST" skipped="0">
  <testcase classname="com.api.tests.SignUp" name="loginTest" time="2.291"/>
  <system-out/>
</testsuite> <!-- com.api.tests.SignUp -->
